{"/Users/new/sd-034-project-js-unit-tests/src/average.js": {"path":"/Users/new/sd-034-project-js-unit-tests/src/average.js","statementMap":{"0":{"start":{"line":14,"column":16},"end":{"line":32,"column":1}},"1":{"start":{"line":15,"column":2},"end":{"line":17,"column":3}},"2":{"start":{"line":16,"column":4},"end":{"line":16,"column":21}},"3":{"start":{"line":18,"column":14},"end":{"line":18,"column":15}},"4":{"start":{"line":19,"column":12},"end":{"line":19,"column":13}},"5":{"start":{"line":21,"column":2},"end":{"line":27,"column":3}},"6":{"start":{"line":21,"column":19},"end":{"line":21,"column":20}},"7":{"start":{"line":22,"column":4},"end":{"line":24,"column":5}},"8":{"start":{"line":23,"column":6},"end":{"line":23,"column":23}},"9":{"start":{"line":25,"column":6},"end":{"line":25,"column":17}},"10":{"start":{"line":26,"column":6},"end":{"line":26,"column":28}},"11":{"start":{"line":29,"column":14},"end":{"line":29,"column":25}},"12":{"start":{"line":30,"column":21},"end":{"line":30,"column":38}},"13":{"start":{"line":31,"column":2},"end":{"line":31,"column":22}},"14":{"start":{"line":34,"column":0},"end":{"line":34,"column":32}},"15":{"start":{"line":35,"column":0},"end":{"line":35,"column":25}}},"fnMap":{"0":{"name":"(anonymous_0)","decl":{"start":{"line":14,"column":16},"end":{"line":14,"column":17}},"loc":{"start":{"line":14,"column":29},"end":{"line":32,"column":1}},"line":14}},"branchMap":{"0":{"loc":{"start":{"line":15,"column":2},"end":{"line":17,"column":3}},"type":"if","locations":[{"start":{"line":15,"column":2},"end":{"line":17,"column":3}},{"start":{},"end":{}}],"line":15},"1":{"loc":{"start":{"line":22,"column":4},"end":{"line":24,"column":5}},"type":"if","locations":[{"start":{"line":22,"column":4},"end":{"line":24,"column":5}},{"start":{},"end":{}}],"line":22}},"s":{"0":1,"1":13,"2":1,"3":12,"4":12,"5":12,"6":12,"7":41,"8":4,"9":37,"10":37,"11":8,"12":8,"13":8,"14":1,"15":1},"f":{"0":13},"b":{"0":[1,12],"1":[4,37]},"_coverageSchema":"1a1c01bbd47fc00a2c39e90264f33305004495a9","hash":"051a27154b1ca865548b5723a859717823c01862"}
,"/Users/new/sd-034-project-js-unit-tests/src/circle.js": {"path":"/Users/new/sd-034-project-js-unit-tests/src/circle.js","statementMap":{"0":{"start":{"line":21,"column":15},"end":{"line":31,"column":1}},"1":{"start":{"line":22,"column":13},"end":{"line":22,"column":17}},"2":{"start":{"line":24,"column":2},"end":{"line":24,"column":66}},"3":{"start":{"line":24,"column":47},"end":{"line":24,"column":64}},"4":{"start":{"line":26,"column":2},"end":{"line":30,"column":4}},"5":{"start":{"line":32,"column":0},"end":{"line":32,"column":23}},"6":{"start":{"line":33,"column":0},"end":{"line":33,"column":24}}},"fnMap":{"0":{"name":"(anonymous_0)","decl":{"start":{"line":21,"column":15},"end":{"line":21,"column":16}},"loc":{"start":{"line":21,"column":27},"end":{"line":31,"column":1}},"line":21}},"branchMap":{"0":{"loc":{"start":{"line":24,"column":2},"end":{"line":24,"column":66}},"type":"if","locations":[{"start":{"line":24,"column":2},"end":{"line":24,"column":66}},{"start":{},"end":{}}],"line":24},"1":{"loc":{"start":{"line":24,"column":6},"end":{"line":24,"column":43}},"type":"binary-expr","locations":[{"start":{"line":24,"column":6},"end":{"line":24,"column":13}},{"start":{"line":24,"column":17},"end":{"line":24,"column":43}}],"line":24}},"s":{"0":1,"1":9,"2":9,"3":2,"4":7,"5":1,"6":1},"f":{"0":9},"b":{"0":[2,7],"1":[9,8]},"_coverageSchema":"1a1c01bbd47fc00a2c39e90264f33305004495a9","hash":"4821302c6e5b18c8cbe7cc2d40424baf61fcafe5"}
,"/Users/new/sd-034-project-js-unit-tests/src/createStudent.js": {"path":"/Users/new/sd-034-project-js-unit-tests/src/createStudent.js","statementMap":{"0":{"start":{"line":18,"column":22},"end":{"line":24,"column":3}},"1":{"start":{"line":19,"column":20},"end":{"line":19,"column":22}},"2":{"start":{"line":20,"column":16},"end":{"line":20,"column":34}},"3":{"start":{"line":21,"column":2},"end":{"line":21,"column":24}},"4":{"start":{"line":22,"column":2},"end":{"line":22,"column":35}},"5":{"start":{"line":22,"column":29},"end":{"line":22,"column":34}},"6":{"start":{"line":23,"column":2},"end":{"line":23,"column":19}},"7":{"start":{"line":25,"column":0},"end":{"line":25,"column":36}},"8":{"start":{"line":27,"column":0},"end":{"line":27,"column":31}}},"fnMap":{"0":{"name":"(anonymous_0)","decl":{"start":{"line":18,"column":22},"end":{"line":18,"column":23}},"loc":{"start":{"line":18,"column":32},"end":{"line":24,"column":3}},"line":18},"1":{"name":"(anonymous_1)","decl":{"start":{"line":22,"column":23},"end":{"line":22,"column":24}},"loc":{"start":{"line":22,"column":29},"end":{"line":22,"column":34}},"line":22}},"branchMap":{},"s":{"0":1,"1":4,"2":4,"3":4,"4":4,"5":3,"6":4,"7":1,"8":1},"f":{"0":4,"1":3},"b":{},"_coverageSchema":"1a1c01bbd47fc00a2c39e90264f33305004495a9","hash":"e8e974c5e88982692a0eee1de12ab5a816a42d08"}
,"/Users/new/sd-034-project-js-unit-tests/src/getCharacter.js": {"path":"/Users/new/sd-034-project-js-unit-tests/src/getCharacter.js","statementMap":{"0":{"start":{"line":40,"column":19},"end":{"line":56,"column":1}},"1":{"start":{"line":58,"column":21},"end":{"line":70,"column":1}},"2":{"start":{"line":59,"column":2},"end":{"line":61,"column":3}},"3":{"start":{"line":60,"column":4},"end":{"line":60,"column":21}},"4":{"start":{"line":63,"column":18},"end":{"line":63,"column":36}},"5":{"start":{"line":65,"column":2},"end":{"line":67,"column":3}},"6":{"start":{"line":66,"column":4},"end":{"line":66,"column":31}},"7":{"start":{"line":69,"column":2},"end":{"line":69,"column":19}},"8":{"start":{"line":71,"column":0},"end":{"line":71,"column":41}},"9":{"start":{"line":72,"column":0},"end":{"line":72,"column":30}}},"fnMap":{"0":{"name":"(anonymous_0)","decl":{"start":{"line":58,"column":21},"end":{"line":58,"column":22}},"loc":{"start":{"line":58,"column":31},"end":{"line":70,"column":1}},"line":58}},"branchMap":{"0":{"loc":{"start":{"line":59,"column":2},"end":{"line":61,"column":3}},"type":"if","locations":[{"start":{"line":59,"column":2},"end":{"line":61,"column":3}},{"start":{},"end":{}}],"line":59},"1":{"loc":{"start":{"line":65,"column":2},"end":{"line":67,"column":3}},"type":"if","locations":[{"start":{"line":65,"column":2},"end":{"line":67,"column":3}},{"start":{},"end":{}}],"line":65}},"s":{"0":1,"1":1,"2":8,"3":1,"4":7,"5":7,"6":6,"7":1,"8":1,"9":1},"f":{"0":8},"b":{"0":[1,7],"1":[6,1]},"_coverageSchema":"1a1c01bbd47fc00a2c39e90264f33305004495a9","hash":"0785c287c224cdcd40d0b267c741b9d30fdfeab5"}
,"/Users/new/sd-034-project-js-unit-tests/src/myCounter.js": {"path":"/Users/new/sd-034-project-js-unit-tests/src/myCounter.js","statementMap":{"0":{"start":{"line":18,"column":18},"end":{"line":30,"column":1}},"1":{"start":{"line":19,"column":16},"end":{"line":19,"column":18}},"2":{"start":{"line":21,"column":2},"end":{"line":27,"column":3}},"3":{"start":{"line":21,"column":21},"end":{"line":21,"column":22}},"4":{"start":{"line":22,"column":4},"end":{"line":22,"column":26}},"5":{"start":{"line":24,"column":4},"end":{"line":26,"column":5}},"6":{"start":{"line":24,"column":26},"end":{"line":24,"column":27}},"7":{"start":{"line":25,"column":6},"end":{"line":25,"column":31}},"8":{"start":{"line":29,"column":2},"end":{"line":29,"column":17}},"9":{"start":{"line":32,"column":0},"end":{"line":32,"column":23}},"10":{"start":{"line":34,"column":0},"end":{"line":34,"column":27}}},"fnMap":{"0":{"name":"(anonymous_0)","decl":{"start":{"line":18,"column":18},"end":{"line":18,"column":19}},"loc":{"start":{"line":18,"column":24},"end":{"line":30,"column":1}},"line":18}},"branchMap":{},"s":{"0":1,"1":1,"2":1,"3":1,"4":4,"5":4,"6":4,"7":8,"8":1,"9":1,"10":1},"f":{"0":1},"b":{},"_coverageSchema":"1a1c01bbd47fc00a2c39e90264f33305004495a9","hash":"7608ba1d13381921ef3b3dcad6b98098b6f58619"}
,"/Users/new/sd-034-project-js-unit-tests/src/numbers.js": {"path":"/Users/new/sd-034-project-js-unit-tests/src/numbers.js","statementMap":{"0":{"start":{"line":11,"column":16},"end":{"line":18,"column":1}},"1":{"start":{"line":12,"column":2},"end":{"line":16,"column":3}},"2":{"start":{"line":12,"column":15},"end":{"line":12,"column":16}},"3":{"start":{"line":13,"column":4},"end":{"line":15,"column":5}},"4":{"start":{"line":14,"column":6},"end":{"line":14,"column":19}},"5":{"start":{"line":17,"column":2},"end":{"line":17,"column":14}},"6":{"start":{"line":20,"column":0},"end":{"line":20,"column":25}}},"fnMap":{"0":{"name":"(anonymous_0)","decl":{"start":{"line":11,"column":16},"end":{"line":11,"column":17}},"loc":{"start":{"line":11,"column":29},"end":{"line":18,"column":1}},"line":11}},"branchMap":{"0":{"loc":{"start":{"line":13,"column":4},"end":{"line":15,"column":5}},"type":"if","locations":[{"start":{"line":13,"column":4},"end":{"line":15,"column":5}},{"start":{},"end":{}}],"line":13}},"s":{"0":1,"1":4,"2":4,"3":11,"4":3,"5":1,"6":1},"f":{"0":4},"b":{"0":[3,8]},"_coverageSchema":"1a1c01bbd47fc00a2c39e90264f33305004495a9","hash":"a97401603a48ef5a5131c0cf11741b4218f8468b"}
,"/Users/new/sd-034-project-js-unit-tests/src/objPlayground.js": {"path":"/Users/new/sd-034-project-js-unit-tests/src/objPlayground.js","statementMap":{"0":{"start":{"line":37,"column":19},"end":{"line":48,"column":1}},"1":{"start":{"line":38,"column":15},"end":{"line":38,"column":17}},"2":{"start":{"line":39,"column":14},"end":{"line":39,"column":43}},"3":{"start":{"line":40,"column":15},"end":{"line":40,"column":44}},"4":{"start":{"line":41,"column":14},"end":{"line":41,"column":43}},"5":{"start":{"line":42,"column":14},"end":{"line":42,"column":43}},"6":{"start":{"line":43,"column":1},"end":{"line":43,"column":16}},"7":{"start":{"line":44,"column":1},"end":{"line":44,"column":18}},"8":{"start":{"line":45,"column":1},"end":{"line":45,"column":16}},"9":{"start":{"line":46,"column":1},"end":{"line":46,"column":16}},"10":{"start":{"line":47,"column":1},"end":{"line":47,"column":13}},"11":{"start":{"line":48,"column":3},"end":{"line":48,"column":33}},"12":{"start":{"line":50,"column":23},"end":{"line":64,"column":1}},"13":{"start":{"line":51,"column":2},"end":{"line":53,"column":3}},"14":{"start":{"line":52,"column":4},"end":{"line":52,"column":31}},"15":{"start":{"line":55,"column":2},"end":{"line":57,"column":3}},"16":{"start":{"line":56,"column":4},"end":{"line":56,"column":33}},"17":{"start":{"line":59,"column":2},"end":{"line":61,"column":3}},"18":{"start":{"line":60,"column":4},"end":{"line":60,"column":34}},"19":{"start":{"line":63,"column":2},"end":{"line":63,"column":12}},"20":{"start":{"line":66,"column":0},"end":{"line":66,"column":48}}},"fnMap":{"0":{"name":"(anonymous_0)","decl":{"start":{"line":37,"column":19},"end":{"line":37,"column":20}},"loc":{"start":{"line":37,"column":41},"end":{"line":48,"column":1}},"line":37},"1":{"name":"(anonymous_1)","decl":{"start":{"line":50,"column":23},"end":{"line":50,"column":24}},"loc":{"start":{"line":50,"column":41},"end":{"line":64,"column":1}},"line":50}},"branchMap":{"0":{"loc":{"start":{"line":51,"column":2},"end":{"line":53,"column":3}},"type":"if","locations":[{"start":{"line":51,"column":2},"end":{"line":53,"column":3}},{"start":{},"end":{}}],"line":51},"1":{"loc":{"start":{"line":55,"column":2},"end":{"line":57,"column":3}},"type":"if","locations":[{"start":{"line":55,"column":2},"end":{"line":57,"column":3}},{"start":{},"end":{}}],"line":55},"2":{"loc":{"start":{"line":59,"column":2},"end":{"line":61,"column":3}},"type":"if","locations":[{"start":{"line":59,"column":2},"end":{"line":61,"column":3}},{"start":{},"end":{}}],"line":59}},"s":{"0":1,"1":8,"2":8,"3":8,"4":8,"5":8,"6":8,"7":8,"8":8,"9":8,"10":8,"11":1,"12":1,"13":7,"14":2,"15":5,"16":2,"17":3,"18":3,"19":0,"20":1},"f":{"0":8,"1":7},"b":{"0":[2,5],"1":[2,3],"2":[3,0]},"_coverageSchema":"1a1c01bbd47fc00a2c39e90264f33305004495a9","hash":"be846abdd039c94df7d1c0099f069d7ac18eb890"}
,"/Users/new/sd-034-project-js-unit-tests/src/productDetails.js": {"path":"/Users/new/sd-034-project-js-unit-tests/src/productDetails.js","statementMap":{"0":{"start":{"line":30,"column":23},"end":{"line":43,"column":1}},"1":{"start":{"line":30,"column":56},"end":{"line":43,"column":1}},"2":{"start":{"line":45,"column":0},"end":{"line":45,"column":32}}},"fnMap":{"0":{"name":"(anonymous_0)","decl":{"start":{"line":30,"column":23},"end":{"line":30,"column":24}},"loc":{"start":{"line":30,"column":56},"end":{"line":43,"column":1}},"line":30}},"branchMap":{},"s":{"0":1,"1":5,"2":1},"f":{"0":5},"b":{},"_coverageSchema":"1a1c01bbd47fc00a2c39e90264f33305004495a9","hash":"f58d8f2a6a80444e11384ac3edd564afaf7d49c6"}
,"/Users/new/sd-034-project-js-unit-tests/src/restaurant.js": {"path":"/Users/new/sd-034-project-js-unit-tests/src/restaurant.js","statementMap":{"0":{"start":{"line":5,"column":19},"end":{"line":48,"column":5}},"1":{"start":{"line":6,"column":4},"end":{"line":8,"column":5}},"2":{"start":{"line":7,"column":6},"end":{"line":7,"column":44}},"3":{"start":{"line":10,"column":22},"end":{"line":10,"column":36}},"4":{"start":{"line":10,"column":28},"end":{"line":10,"column":36}},"5":{"start":{"line":12,"column":24},"end":{"line":12,"column":26}},"6":{"start":{"line":14,"column":18},"end":{"line":28,"column":7}},"7":{"start":{"line":15,"column":31},"end":{"line":15,"column":42}},"8":{"start":{"line":16,"column":30},"end":{"line":16,"column":68}},"9":{"start":{"line":17,"column":31},"end":{"line":17,"column":71}},"10":{"start":{"line":18,"column":6},"end":{"line":27,"column":7}},"11":{"start":{"line":20,"column":12},"end":{"line":20,"column":52}},"12":{"start":{"line":21,"column":12},"end":{"line":21,"column":18}},"13":{"start":{"line":23,"column":12},"end":{"line":23,"column":53}},"14":{"start":{"line":24,"column":12},"end":{"line":24,"column":18}},"15":{"start":{"line":26,"column":16},"end":{"line":26,"column":43}},"16":{"start":{"line":30,"column":32},"end":{"line":34,"column":11}},"17":{"start":{"line":31,"column":6},"end":{"line":34,"column":11}},"18":{"start":{"line":32,"column":22},"end":{"line":32,"column":37}},"19":{"start":{"line":33,"column":8},"end":{"line":33,"column":29}},"20":{"start":{"line":36,"column":16},"end":{"line":40,"column":5}},"21":{"start":{"line":37,"column":31},"end":{"line":37,"column":42}},"22":{"start":{"line":38,"column":25},"end":{"line":38,"column":80}},"23":{"start":{"line":39,"column":6},"end":{"line":39,"column":30}},"24":{"start":{"line":42,"column":4},"end":{"line":47,"column":6}},"25":{"start":{"line":49,"column":2},"end":{"line":49,"column":52}},"26":{"start":{"line":51,"column":0},"end":{"line":51,"column":28}}},"fnMap":{"0":{"name":"(anonymous_0)","decl":{"start":{"line":5,"column":19},"end":{"line":5,"column":20}},"loc":{"start":{"line":5,"column":33},"end":{"line":48,"column":5}},"line":5},"1":{"name":"(anonymous_1)","decl":{"start":{"line":10,"column":22},"end":{"line":10,"column":23}},"loc":{"start":{"line":10,"column":28},"end":{"line":10,"column":36}},"line":10},"2":{"name":"(anonymous_2)","decl":{"start":{"line":14,"column":18},"end":{"line":14,"column":19}},"loc":{"start":{"line":14,"column":28},"end":{"line":28,"column":7}},"line":14},"3":{"name":"(anonymous_3)","decl":{"start":{"line":30,"column":32},"end":{"line":30,"column":33}},"loc":{"start":{"line":31,"column":6},"end":{"line":34,"column":11}},"line":31},"4":{"name":"(anonymous_4)","decl":{"start":{"line":31,"column":25},"end":{"line":31,"column":26}},"loc":{"start":{"line":31,"column":42},"end":{"line":34,"column":7}},"line":31},"5":{"name":"(anonymous_5)","decl":{"start":{"line":36,"column":16},"end":{"line":36,"column":17}},"loc":{"start":{"line":36,"column":22},"end":{"line":40,"column":5}},"line":36}},"branchMap":{"0":{"loc":{"start":{"line":6,"column":4},"end":{"line":8,"column":5}},"type":"if","locations":[{"start":{"line":6,"column":4},"end":{"line":8,"column":5}},{"start":{},"end":{}}],"line":6},"1":{"loc":{"start":{"line":18,"column":6},"end":{"line":27,"column":7}},"type":"switch","locations":[{"start":{"line":19,"column":8},"end":{"line":21,"column":18}},{"start":{"line":22,"column":8},"end":{"line":24,"column":18}},{"start":{"line":25,"column":12},"end":{"line":26,"column":43}}],"line":18},"2":{"loc":{"start":{"line":32,"column":22},"end":{"line":32,"column":37}},"type":"binary-expr","locations":[{"start":{"line":32,"column":22},"end":{"line":32,"column":32}},{"start":{"line":32,"column":36},"end":{"line":32,"column":37}}],"line":32}},"s":{"0":1,"1":6,"2":1,"3":5,"4":2,"5":5,"6":5,"7":0,"8":0,"9":0,"10":0,"11":0,"12":0,"13":0,"14":0,"15":0,"16":5,"17":0,"18":0,"19":0,"20":5,"21":0,"22":0,"23":0,"24":5,"25":1,"26":1},"f":{"0":6,"1":2,"2":0,"3":0,"4":0,"5":0},"b":{"0":[1,5],"1":[0,0,0],"2":[0,0]},"_coverageSchema":"1a1c01bbd47fc00a2c39e90264f33305004495a9","hash":"f2e56ca206f97d4cdfbb79f3cd4d95514f016327"}
,"/Users/new/sd-034-project-js-unit-tests/src/vqv.js": {"path":"/Users/new/sd-034-project-js-unit-tests/src/vqv.js","statementMap":{"0":{"start":{"line":21,"column":12},"end":{"line":29,"column":3}},"1":{"start":{"line":22,"column":2},"end":{"line":24,"column":3}},"2":{"start":{"line":23,"column":4},"end":{"line":23,"column":21}},"3":{"start":{"line":25,"column":1},"end":{"line":28,"column":7}},"4":{"start":{"line":30,"column":0},"end":{"line":30,"column":21}}},"fnMap":{"0":{"name":"(anonymous_0)","decl":{"start":{"line":21,"column":12},"end":{"line":21,"column":13}},"loc":{"start":{"line":21,"column":27},"end":{"line":29,"column":3}},"line":21}},"branchMap":{"0":{"loc":{"start":{"line":22,"column":2},"end":{"line":24,"column":3}},"type":"if","locations":[{"start":{"line":22,"column":2},"end":{"line":24,"column":3}},{"start":{},"end":{}}],"line":22}},"s":{"0":1,"1":5,"2":1,"3":4,"4":1},"f":{"0":5},"b":{"0":[1,4]},"_coverageSchema":"1a1c01bbd47fc00a2c39e90264f33305004495a9","hash":"daeada2570879abdfd30079fee10eb2fc5b01720"}
}
