TN:
SF:src/average.js
FN:14,(anonymous_0)
FNF:1
FNH:1
FNDA:13,(anonymous_0)
DA:14,1
DA:15,13
DA:16,1
DA:18,12
DA:19,12
DA:21,12
DA:22,41
DA:23,4
DA:25,37
DA:26,37
DA:29,8
DA:30,8
DA:31,8
DA:34,1
DA:35,1
LF:15
LH:15
BRDA:15,0,0,1
BRDA:15,0,1,12
BRDA:22,1,0,4
BRDA:22,1,1,37
BRF:4
BRH:4
end_of_record
TN:
SF:src/circle.js
FN:21,(anonymous_0)
FNF:1
FNH:1
FNDA:9,(anonymous_0)
DA:21,1
DA:22,9
DA:24,9
DA:26,7
DA:32,1
DA:33,1
LF:6
LH:6
BRDA:24,0,0,2
BRDA:24,0,1,7
BRDA:24,1,0,9
BRDA:24,1,1,8
BRF:4
BRH:4
end_of_record
TN:
SF:src/createStudent.js
FN:18,(anonymous_0)
FN:22,(anonymous_1)
FNF:2
FNH:2
FNDA:4,(anonymous_0)
FNDA:3,(anonymous_1)
DA:18,1
DA:19,4
DA:20,4
DA:21,4
DA:22,4
DA:23,4
DA:25,1
DA:27,1
LF:8
LH:8
BRF:0
BRH:0
end_of_record
TN:
SF:src/getCharacter.js
FN:58,(anonymous_0)
FNF:1
FNH:1
FNDA:8,(anonymous_0)
DA:40,1
DA:58,1
DA:59,8
DA:60,1
DA:63,7
DA:65,7
DA:66,6
DA:69,1
DA:71,1
DA:72,1
LF:10
LH:10
BRDA:59,0,0,1
BRDA:59,0,1,7
BRDA:65,1,0,6
BRDA:65,1,1,1
BRF:4
BRH:4
end_of_record
TN:
SF:src/myCounter.js
FN:18,(anonymous_0)
FNF:1
FNH:1
FNDA:1,(anonymous_0)
DA:18,1
DA:19,1
DA:21,1
DA:22,4
DA:24,4
DA:25,8
DA:29,1
DA:32,1
DA:34,1
LF:9
LH:9
BRF:0
BRH:0
end_of_record
TN:
SF:src/numbers.js
FN:11,(anonymous_0)
FNF:1
FNH:1
FNDA:4,(anonymous_0)
DA:11,1
DA:12,4
DA:13,11
DA:14,3
DA:17,1
DA:20,1
LF:6
LH:6
BRDA:13,0,0,3
BRDA:13,0,1,8
BRF:2
BRH:2
end_of_record
TN:
SF:src/objPlayground.js
FN:37,(anonymous_0)
FN:50,(anonymous_1)
FNF:2
FNH:2
FNDA:8,(anonymous_0)
FNDA:7,(anonymous_1)
DA:37,1
DA:38,8
DA:39,8
DA:40,8
DA:41,8
DA:42,8
DA:43,8
DA:44,8
DA:45,8
DA:46,8
DA:47,8
DA:48,1
DA:50,1
DA:51,7
DA:52,2
DA:55,5
DA:56,2
DA:59,3
DA:60,3
DA:63,0
DA:66,1
LF:21
LH:20
BRDA:51,0,0,2
BRDA:51,0,1,5
BRDA:55,1,0,2
BRDA:55,1,1,3
BRDA:59,2,0,3
BRDA:59,2,1,0
BRF:6
BRH:5
end_of_record
TN:
SF:src/productDetails.js
FN:30,(anonymous_0)
FNF:1
FNH:1
FNDA:5,(anonymous_0)
DA:30,5
DA:45,1
LF:2
LH:2
BRF:0
BRH:0
end_of_record
TN:
SF:src/restaurant.js
FN:5,(anonymous_0)
FN:10,(anonymous_1)
FN:14,(anonymous_2)
FN:30,(anonymous_3)
FN:31,(anonymous_4)
FN:36,(anonymous_5)
FNF:6
FNH:2
FNDA:6,(anonymous_0)
FNDA:2,(anonymous_1)
FNDA:0,(anonymous_2)
FNDA:0,(anonymous_3)
FNDA:0,(anonymous_4)
FNDA:0,(anonymous_5)
DA:5,1
DA:6,6
DA:7,1
DA:10,5
DA:12,5
DA:14,5
DA:15,0
DA:16,0
DA:17,0
DA:18,0
DA:20,0
DA:21,0
DA:23,0
DA:24,0
DA:26,0
DA:30,5
DA:31,0
DA:32,0
DA:33,0
DA:36,5
DA:37,0
DA:38,0
DA:39,0
DA:42,5
DA:49,1
DA:51,1
LF:26
LH:11
BRDA:6,0,0,1
BRDA:6,0,1,5
BRDA:18,1,0,0
BRDA:18,1,1,0
BRDA:18,1,2,0
BRDA:32,2,0,0
BRDA:32,2,1,0
BRF:7
BRH:2
end_of_record
TN:
SF:src/vqv.js
FN:21,(anonymous_0)
FNF:1
FNH:1
FNDA:5,(anonymous_0)
DA:21,1
DA:22,5
DA:23,1
DA:25,4
DA:30,1
LF:5
LH:5
BRDA:22,0,0,1
BRDA:22,0,1,4
BRF:2
BRH:2
end_of_record
